<?xml version="1.0" encoding="UTF-8"?>
<testng-results ignored="0" total="2" passed="2" failed="0" skipped="0">
  <reporter-output>
  </reporter-output>
  <suite started-at="2024-09-19T23:06:50 IST" name="Suite" finished-at="2024-09-19T23:06:56 IST" duration-ms="5880">
    <groups>
    </groups>
    <test started-at="2024-09-19T23:06:50 IST" name="Test" finished-at="2024-09-19T23:06:56 IST" duration-ms="5880">
      <class name="fb_test.Testcase1">
        <test-method signature="login_to_facebook()[pri:0, instance:fb_test.Testcase1@4efac082]" started-at="2024-09-19T23:06:50 IST" name="login_to_facebook" finished-at="2024-09-19T23:06:54 IST" duration-ms="3282" status="PASS">
          <reporter-output>
          </reporter-output>
        </test-method> <!-- login_to_facebook -->
      </class> <!-- fb_test.Testcase1 -->
      <class name="fb_test.Testcase2">
        <test-method signature="login_to_facebook()[pri:0, instance:fb_test.Testcase2@242b836]" started-at="2024-09-19T23:06:54 IST" name="login_to_facebook" finished-at="2024-09-19T23:06:56 IST" duration-ms="2540" status="PASS">
          <reporter-output>
          </reporter-output>
        </test-method> <!-- login_to_facebook -->
      </class> <!-- fb_test.Testcase2 -->
    </test> <!-- Test -->
  </suite> <!-- Suite -->
</testng-results>
